<?xml version="1.0" encoding="UTF-8"?>
<!-- Generated by org.testng.reporters.JUnitXMLReporter -->
<testsuite ignored="3" hostname="cdc2-l-f53p4dj" failures="0" tests="1" name="Default test" time="2.107" errors="0" timestamp="2025-02-25T09:55:02 IST">
  <testcase classname="BDDApproach.APIMethods" name="postMethod" time="2.065"/>
  <testcase classname="BDDApproach.APIMethods" name="deleteMethod" time="0.0">
    <ignored/>
  </testcase> <!-- deleteMethod -->
  <testcase classname="BDDApproach.APIMethods" name="getMethod" time="0.0">
    <ignored/>
  </testcase> <!-- getMethod -->
  <testcase classname="BDDApproach.APIMethods" name="patchMethod" time="0.0">
    <ignored/>
  </testcase> <!-- patchMethod -->
</testsuite> <!-- Default test -->
