<?xml version="1.0" encoding="UTF-8"?>
<testng-results ignored="0" total="1" passed="1" failed="0" skipped="0">
  <reporter-output>
  </reporter-output>
  <suite started-at="2025-02-25T09:55:00 IST" name="Default suite" finished-at="2025-02-25T09:55:02 IST" duration-ms="2107">
    <groups>
    </groups>
    <test started-at="2025-02-25T09:55:00 IST" name="Default test" finished-at="2025-02-25T09:55:02 IST" duration-ms="2107">
      <class name="BDDApproach.APIMethods">
        <test-method signature="postMethod()[pri:0, instance:BDDApproach.APIMethods@353352b6]" started-at="2025-02-25T09:55:00 IST" name="postMethod" finished-at="2025-02-25T09:55:02 IST" duration-ms="2065" status="PASS">
          <reporter-output>
          </reporter-output>
        </test-method> <!-- postMethod -->
      </class> <!-- BDDApproach.APIMethods -->
    </test> <!-- Default test -->
  </suite> <!-- Default suite -->
</testng-results>
